********
epoch: 1     time: 748
train_loss: 2.359558055567187
pred_loss: 1.3093788734702176
prob_loss: 1.269490921220114
posi_loss: 0.24643433509871018
link_loss: 0.584433104409728
SHAPE: (1024, 1024)
********
epoch: 2     time: 1508
train_loss: 1.864009322122086
pred_loss: 1.0391525182613106
prob_loss: 1.0206764021585153
posi_loss: 0.23242897938850315
link_loss: 0.3966082341449205
SHAPE: (1024, 1024)
********
epoch: 3     time: 2276
train_loss: 1.7864519551742908
pred_loss: 0.9888469590697178
prob_loss: 0.9879310879596445
posi_loss: 0.23189551071372144
link_loss: 0.3753833786346192
SHAPE: (1024, 1024)
********
epoch: 4     time: 3037
train_loss: 1.7299683371255563
pred_loss: 0.9528041911679644
prob_loss: 0.9543702061786208
posi_loss: 0.230164447669373
link_loss: 0.3697936434385388
SHAPE: (1024, 1024)
********
epoch: 5     time: 3824
train_loss: 1.6822956273722094
pred_loss: 0.9227133199226024
prob_loss: 0.9288079710893853
posi_loss: 0.22846880970999253
link_loss: 0.3618878240502158
SHAPE: (1024, 1024)
********
epoch: 6     time: 4579
train_loss: 1.6670493746912756
pred_loss: 0.9133551633635233
prob_loss: 0.9172971816950066
posi_loss: 0.22860847205616708
link_loss: 0.361482750191245
SHAPE: (1024, 1024)
********
epoch: 7     time: 5321
train_loss: 1.6058212352353474
pred_loss: 0.8705087927884834
prob_loss: 0.8830181762229564
posi_loss: 0.22751582985700564
link_loss: 0.3600908843583839
SHAPE: (1024, 1024)
********
epoch: 8     time: 6123
train_loss: 1.6053947487542795
pred_loss: 0.8700437116068463
prob_loss: 0.8867009503896847
posi_loss: 0.2274047460320384
link_loss: 0.3565964168587396
SHAPE: (1024, 1024)
********
epoch: 9     time: 6883
train_loss: 1.5619889248249144
pred_loss: 0.8423188633696977
prob_loss: 0.8571245101995246
posi_loss: 0.2270358305337817
link_loss: 0.35517979569213337
SHAPE: (1024, 1024)
********
epoch: 10     time: 7639
train_loss: 1.5831834327342897
pred_loss: 0.8579785837683567
prob_loss: 0.8696172126503878
posi_loss: 0.22659777191489242
link_loss: 0.3541946813117626
SHAPE: (1024, 1024)
********
epoch: 11     time: 8485
train_loss: 1.5356165946916092
pred_loss: 0.8255836963653564
prob_loss: 0.8409816941549612
posi_loss: 0.22623261878656786
link_loss: 0.35285148405751515
SHAPE: (1024, 1024)
********
epoch: 12     time: 9587
train_loss: 1.5157116956489032
pred_loss: 0.81502732981083
prob_loss: 0.825176595255386
posi_loss: 0.22538808611936348
link_loss: 0.35080405723216923
SHAPE: (1024, 1024)
********
epoch: 13     time: 10351
train_loss: 1.5307696475539097
pred_loss: 0.8236403867255809
prob_loss: 0.839242068834083
posi_loss: 0.22526592224143271
link_loss: 0.34975055345269135
SHAPE: (1024, 1024)
********
epoch: 14     time: 11141
train_loss: 1.4852725295133369
pred_loss: 0.7940584157788476
prob_loss: 0.809342012848965
posi_loss: 0.22535216236530348
link_loss: 0.3477340538141339
SHAPE: (1024, 1024)
********
epoch: 15     time: 11892
train_loss: 1.498537582020427
pred_loss: 0.8026552685471469
prob_loss: 0.8194129910579947
posi_loss: 0.22409214373937872
link_loss: 0.34825951242169667
SHAPE: (1024, 1024)
********
epoch: 16     time: 12681
train_loss: 1.462366633637007
pred_loss: 0.7795869666476583
prob_loss: 0.7952263854270758
posi_loss: 0.22364344933005267
link_loss: 0.3466895122167676
SHAPE: (1024, 1024)
********
epoch: 17     time: 13479
train_loss: 1.447575710540594
pred_loss: 0.7700881043145823
prob_loss: 0.7893208279166111
posi_loss: 0.22243426393630894
link_loss: 0.34322009114331975
SHAPE: (1024, 1024)
********
epoch: 18     time: 14273
train_loss: 1.44150654105253
pred_loss: 0.7668591321900834
prob_loss: 0.7849404742551405
posi_loss: 0.2214993769519551
link_loss: 0.3428549435596133
SHAPE: (1024, 1024)
********
epoch: 19     time: 15077
train_loss: 1.4242540875146554
pred_loss: 0.7517362597376801
prob_loss: 0.7805035100426785
posi_loss: 0.2222879201520321
link_loss: 0.3422442187750062
SHAPE: (1024, 1024)
********
epoch: 20     time: 15881
train_loss: 1.4047786718191102
pred_loss: 0.7406578410503476
prob_loss: 0.7656414758327396
posi_loss: 0.22189440560895343
link_loss: 0.3407057877196822
SHAPE: (1024, 1024)
********
epoch: 21     time: 16685
train_loss: 1.4069168747857559
pred_loss: 0.7437959646069726
prob_loss: 0.76374073499857
posi_loss: 0.22167799448551134
link_loss: 0.34082307475943896
SHAPE: (1024, 1024)
********
epoch: 22     time: 17483
train_loss: 1.3996887983277786
pred_loss: 0.7403094117031541
prob_loss: 0.7594614527946295
posi_loss: 0.2205154032901276
link_loss: 0.33878190746141035
SHAPE: (1024, 1024)
********
epoch: 23     time: 18285
train_loss: 1.3720848809841066
pred_loss: 0.7208445155343344
prob_loss: 0.744021943835325
posi_loss: 0.22042281232600988
link_loss: 0.33803598409475283
SHAPE: (1024, 1024)
********
epoch: 24     time: 19228
train_loss: 1.3785127734029017
pred_loss: 0.724159185276475
prob_loss: 0.7502328448517378
posi_loss: 0.22040131480194802
link_loss: 0.3380729982326197
SHAPE: (1024, 1024)
********
epoch: 25     time: 20523
train_loss: 1.3668594582136286
pred_loss: 0.7176366510779358
prob_loss: 0.7418835814609084
posi_loss: 0.2193165625943694
link_loss: 0.3372454681368761
SHAPE: (1024, 1024)
********
epoch: 26     time: 21545
train_loss: 1.3454972976861999
pred_loss: 0.7052691578865051
prob_loss: 0.7268669175547223
posi_loss: 0.21934422668676043
link_loss: 0.33424513925646626
SHAPE: (1024, 1024)
********
epoch: 27     time: 22342
train_loss: 1.3290788822395856
pred_loss: 0.6939074313917826
prob_loss: 0.721434541912966
posi_loss: 0.21709862178148226
link_loss: 0.33180975706078286
SHAPE: (1024, 1024)
********
epoch: 28     time: 23141
train_loss: 1.3211335664571717
pred_loss: 0.689327129097872
prob_loss: 0.7151203765425571
posi_loss: 0.2168740455147832
link_loss: 0.33161846773568976
SHAPE: (1024, 1024)
********
epoch: 29     time: 23945
train_loss: 1.2931871635969294
pred_loss: 0.6706652086834575
prob_loss: 0.6980924918208011
posi_loss: 0.21590874604014462
link_loss: 0.33104267265907555
SHAPE: (1024, 1024)
********
epoch: 30     time: 24760
train_loss: 1.3038634089536445
pred_loss: 0.6791268448496974
prob_loss: 0.7033788977667342
posi_loss: 0.21593758892701115
link_loss: 0.33015664095102354
SHAPE: (1024, 1024)
********
epoch: 31     time: 25814
train_loss: 1.330835149731747
pred_loss: 0.6964882792428483
prob_loss: 0.720112283562505
posi_loss: 0.2166985883269199
link_loss: 0.33188286302394643
SHAPE: (1024, 1024)
********
epoch: 32     time: 27034
train_loss: 1.2917453300121218
pred_loss: 0.6694183439709419
prob_loss: 0.6989330358283464
posi_loss: 0.21606186309526132
link_loss: 0.32965909828280293
SHAPE: (1024, 1024)
********
epoch: 33     time: 27965
train_loss: 1.262717766817226
pred_loss: 0.6516156945117685
prob_loss: 0.6806837888651116
posi_loss: 0.2134230854206307
link_loss: 0.32809726997863414
SHAPE: (1024, 1024)
********
epoch: 34     time: 28770
train_loss: 1.271658058776412
pred_loss: 0.6607174942659777
prob_loss: 0.6817376052224359
posi_loss: 0.21358936912445134
link_loss: 0.32655416533004405
SHAPE: (1024, 1024)
********
epoch: 35     time: 29571
train_loss: 1.24900955654854
pred_loss: 0.6439294045747712
prob_loss: 0.670783187067786
posi_loss: 0.21336630367955498
link_loss: 0.3260107891157616
SHAPE: (1024, 1024)
********
epoch: 36     time: 30370
train_loss: 1.2324890023054078
pred_loss: 0.632329638614211
prob_loss: 0.6638702424459679
posi_loss: 0.21262212530818098
link_loss: 0.32382636499959366
SHAPE: (1024, 1024)
********
epoch: 37     time: 31166
train_loss: 1.2340531834336215
pred_loss: 0.6360253289688466
prob_loss: 0.6615612943505131
posi_loss: 0.21144579143025155
link_loss: 0.3230486512184143
SHAPE: (1024, 1024)
********
epoch: 38     time: 31966
train_loss: 1.2292585996694343
pred_loss: 0.6284386328486509
prob_loss: 0.6610229944073877
posi_loss: 0.21507847586343454
link_loss: 0.3255384593855503
SHAPE: (1024, 1024)
********
epoch: 39     time: 32779
train_loss: 1.1983029246330261
pred_loss: 0.6096881440905637
prob_loss: 0.6439256085905918
posi_loss: 0.21195859271426534
link_loss: 0.3213453677504562
SHAPE: (1024, 1024)
********
epoch: 40     time: 33594
train_loss: 1.1896640090055244
pred_loss: 0.6081638086673825
prob_loss: 0.6360949984816617
posi_loss: 0.2081997199633787
link_loss: 0.318705678505953
SHAPE: (1024, 1024)
********
epoch: 41     time: 34402
train_loss: 1.1982763645260832
pred_loss: 0.6104584086773007
prob_loss: 0.6441934649334398
posi_loss: 0.2109898500317751
link_loss: 0.3204525955194651
SHAPE: (1024, 1024)
********
epoch: 42     time: 35203
train_loss: 1.1742410937020944
pred_loss: 0.5996730258298475
prob_loss: 0.6238628244677256
posi_loss: 0.2077805982079617
link_loss: 0.3174927101232285
SHAPE: (1024, 1024)
********
epoch: 43     time: 35971
train_loss: 1.1592651356098265
pred_loss: 0.5878966457621996
prob_loss: 0.6172313184239143
posi_loss: 0.2079717036943103
link_loss: 0.31753397369107533
SHAPE: (1024, 1024)
********
epoch: 44     time: 36647
train_loss: 1.1241096299748088
pred_loss: 0.5659468957158023
prob_loss: 0.5983236473660136
posi_loss: 0.20495244895302972
link_loss: 0.3130493548720382
SHAPE: (1024, 1024)
********
epoch: 45     time: 37323
train_loss: 1.1222535039103307
pred_loss: 0.5615299635155256
prob_loss: 0.598370373249054
posi_loss: 0.20697019734354907
link_loss: 0.31610651175643123
SHAPE: (1024, 1024)
********
epoch: 46     time: 38069
train_loss: 1.115291337634242
pred_loss: 0.5635079963262691
prob_loss: 0.58964939380801
posi_loss: 0.2037411139801491
link_loss: 0.310176185050676
SHAPE: (1024, 1024)
********
epoch: 47     time: 38997
train_loss: 1.1039615218029466
pred_loss: 0.5547314452570539
prob_loss: 0.586451017579367
posi_loss: 0.20263126856365868
link_loss: 0.30937786937453027
SHAPE: (1024, 1024)
********
epoch: 48     time: 39961
train_loss: 1.0923444822777149
pred_loss: 0.5488262509190759
prob_loss: 0.576570317495701
posi_loss: 0.20277560432983
link_loss: 0.30769053448078243
SHAPE: (1024, 1024)
********
epoch: 49     time: 40907
train_loss: 1.0841167305791102
pred_loss: 0.5458154560521592
prob_loss: 0.5698190962159356
posi_loss: 0.20132696108762607
link_loss: 0.30545650673813596
SHAPE: (1024, 1024)
********
epoch: 50     time: 41886
train_loss: 1.067239601944768
pred_loss: 0.5346546970134558
prob_loss: 0.5628045894378839
posi_loss: 0.19957233389276405
link_loss: 0.3027928653498029
SHAPE: (1024, 1024)
********
epoch: 51     time: 43118
train_loss: 1.078383251678112
pred_loss: 0.5398804365202438
prob_loss: 0.5691976976949115
posi_loss: 0.20136656317599985
link_loss: 0.30644140635118927
SHAPE: (1024, 1024)
********
epoch: 52     time: 44366
train_loss: 1.044121810170107
pred_loss: 0.5198121382746586
prob_loss: 0.5469415659128234
posi_loss: 0.19951928251011428
link_loss: 0.3021585081898889
SHAPE: (1024, 1024)
********
epoch: 53     time: 45634
train_loss: 1.0614902446436327
pred_loss: 0.5307020101436349
prob_loss: 0.5567350415296333
posi_loss: 0.2003675324105939
link_loss: 0.30447390294352245
SHAPE: (1024, 1024)
********
epoch: 54     time: 46325
train_loss: 1.030358960462171
pred_loss: 0.5114616432855296
prob_loss: 0.5405217021010643
posi_loss: 0.1969091670457707
link_loss: 0.30036376468663994
SHAPE: (1024, 1024)
********
epoch: 55     time: 47011
train_loss: 1.0315891864687898
pred_loss: 0.511091994684796
prob_loss: 0.5416129189868306
posi_loss: 0.19800871420045232
link_loss: 0.3013727470885876
SHAPE: (1024, 1024)
********
epoch: 56     time: 47705
train_loss: 0.9990343617838483
pred_loss: 0.4918989151023155
prob_loss: 0.5220296161119328
posi_loss: 0.1958384917572487
link_loss: 0.2964027737115705
SHAPE: (1024, 1024)
********
epoch: 57     time: 48390
train_loss: 0.9940542426220206
pred_loss: 0.49368839693623917
prob_loss: 0.5172603615494662
posi_loss: 0.19242432176373725
link_loss: 0.29104701429605484
SHAPE: (1024, 1024)
********
epoch: 58     time: 49075
train_loss: 0.9760780722595924
pred_loss: 0.47970374864201215
prob_loss: 0.5100655098294102
posi_loss: 0.1915111501896104
link_loss: 0.2911719693694004
SHAPE: (1024, 1024)
********
epoch: 59     time: 49762
train_loss: 0.9914111079171647
pred_loss: 0.4910505996193997
prob_loss: 0.516686276641003
posi_loss: 0.192505948592064
link_loss: 0.29152878139947735
SHAPE: (1024, 1024)
********
epoch: 60     time: 50448
train_loss: 0.9661434154177821
pred_loss: 0.47693668687066365
prob_loss: 0.49922877480817396
posi_loss: 0.1900611525011617
link_loss: 0.28912353740875113
SHAPE: (1024, 1024)
********
epoch: 61     time: 51134
train_loss: 0.9824929486873538
pred_loss: 0.4807821006275887
prob_loss: 0.5153070043685825
posi_loss: 0.19445053436035334
link_loss: 0.29366414023693216
SHAPE: (1024, 1024)
********
epoch: 62     time: 51837
train_loss: 0.9617185010466465
pred_loss: 0.47334624307100165
prob_loss: 0.49907107547272084
posi_loss: 0.1908358526091243
link_loss: 0.2868376174984976
SHAPE: (1024, 1024)
********
epoch: 63     time: 52530
train_loss: 0.9564393453819807
pred_loss: 0.4702030274757119
prob_loss: 0.4948231383811596
posi_loss: 0.19036299319461333
link_loss: 0.28728652000427246
SHAPE: (1024, 1024)
********
epoch: 64     time: 53222
train_loss: 0.9351279139518738
pred_loss: 0.4561312073885008
prob_loss: 0.48144797460977423
posi_loss: 0.18993861592093178
link_loss: 0.28660683385854546
SHAPE: (1024, 1024)
********
epoch: 65     time: 53913
train_loss: 0.9367935990178308
pred_loss: 0.45859884245451105
prob_loss: 0.48023546088573543
posi_loss: 0.1895225392871125
link_loss: 0.28663150948840516
SHAPE: (1024, 1024)
********
epoch: 66     time: 54606
train_loss: 0.9202815987343012
pred_loss: 0.44921930931335274
prob_loss: 0.4730294804240382
posi_loss: 0.18707079994817113
link_loss: 0.2820243154500806
SHAPE: (1024, 1024)
********
epoch: 67     time: 55301
train_loss: 0.9285582151523856
pred_loss: 0.4541542592436768
prob_loss: 0.4756733283053997
posi_loss: 0.18826389451359593
link_loss: 0.2848706945430401
SHAPE: (1024, 1024)
********
epoch: 68     time: 55995
train_loss: 0.910366973211599
pred_loss: 0.44431014116420303
prob_loss: 0.46502502921015715
posi_loss: 0.187332883477211
link_loss: 0.27975575972435085
SHAPE: (1024, 1024)
********
epoch: 69     time: 56685
train_loss: 0.867525651011356
pred_loss: 0.4184631927068843
prob_loss: 0.44010576051335004
posi_loss: 0.18242258283981058
link_loss: 0.27559657550828404
SHAPE: (1024, 1024)
********
epoch: 70     time: 57381
train_loss: 0.8709624007690785
pred_loss: 0.42216840940852496
prob_loss: 0.4412498501844184
posi_loss: 0.1821820954250735
link_loss: 0.2741560336462287
SHAPE: (1024, 1024)
********
epoch: 71     time: 58075
train_loss: 0.8723997321239737
pred_loss: 0.42135553789693253
prob_loss: 0.44225884731425796
posi_loss: 0.18312371903380684
link_loss: 0.2767058276506357
SHAPE: (1024, 1024)
********
epoch: 72     time: 58773
train_loss: 0.8454643792884294
pred_loss: 0.40626566701157146
prob_loss: 0.426771750976873
posi_loss: 0.18112097940472668
link_loss: 0.2705046960780787
SHAPE: (1024, 1024)
********
epoch: 73     time: 59464
train_loss: 0.8434809169103933
pred_loss: 0.4066837021084719
prob_loss: 0.42603287793869193
posi_loss: 0.17846956311963325
link_loss: 0.2690919849068619
SHAPE: (1024, 1024)
********
epoch: 74     time: 60163
train_loss: 0.8754382868145787
pred_loss: 0.4239207707172216
prob_loss: 0.4476650890915893
posi_loss: 0.1812333060904991
link_loss: 0.27413663718589515
SHAPE: (1024, 1024)
********
epoch: 75     time: 60856
train_loss: 0.8525176214617353
pred_loss: 0.40931260932323543
prob_loss: 0.43385291584702423
posi_loss: 0.18091453889081643
link_loss: 0.27164256728665775
SHAPE: (1024, 1024)
********
epoch: 76     time: 61552
train_loss: 0.8603459374849186
pred_loss: 0.4105887953625169
prob_loss: 0.4390983581542969
posi_loss: 0.18458084623480953
link_loss: 0.2758350902518561
SHAPE: (1024, 1024)
********
epoch: 77     time: 62245
train_loss: 0.8438650626082753
pred_loss: 0.403159866845885
prob_loss: 0.4274499700512997
posi_loss: 0.18122991659613544
link_loss: 0.27273050227830575
SHAPE: (1024, 1024)
update learning rate: 0.000200 -> 0.000040
********
epoch: 78     time: 62938
train_loss: 0.8078820830167726
pred_loss: 0.3881499587103378
prob_loss: 0.40554450209750686
posi_loss: 0.172593051610991
link_loss: 0.26132667584474695
SHAPE: (1024, 1024)
********
epoch: 79     time: 63640
train_loss: 0.7645299309907958
pred_loss: 0.362584562842236
prob_loss: 0.3807369082473045
posi_loss: 0.16918366081839384
link_loss: 0.2539701700903649
SHAPE: (1024, 1024)
********
epoch: 80     time: 64338
train_loss: 0.7541846154734145
pred_loss: 0.35743602555851606
prob_loss: 0.37534709759922913
posi_loss: 0.1670613546184329
link_loss: 0.2510887222407862
SHAPE: (1024, 1024)
********
epoch: 81     time: 65037
train_loss: 0.7200446343699167
pred_loss: 0.3397348530070726
prob_loss: 0.3543728018222853
posi_loss: 0.16237410989611648
link_loss: 0.24387264390324437
SHAPE: (1024, 1024)
********
epoch: 82     time: 65727
train_loss: 0.6927424877188927
pred_loss: 0.3253888962573783
prob_loss: 0.3371044490919557
posi_loss: 0.15987591757330782
link_loss: 0.23772682630738548
SHAPE: (1024, 1024)
********
epoch: 83     time: 66427
train_loss: 0.7012877471225206
pred_loss: 0.33112754794054255
prob_loss: 0.3425219156021296
posi_loss: 0.15953725784323936
link_loss: 0.23826122595820315
SHAPE: (1024, 1024)
********
epoch: 84     time: 67127
train_loss: 0.6889257146868595
pred_loss: 0.3235563074433526
prob_loss: 0.3367803831433141
posi_loss: 0.15768932776395664
link_loss: 0.2362691008074339
SHAPE: (1024, 1024)
********
epoch: 85     time: 67828
train_loss: 0.6790146377197531
pred_loss: 0.3178006743275842
prob_loss: 0.33221908745377565
posi_loss: 0.15643861733896788
link_loss: 0.23377021159543548
SHAPE: (1024, 1024)
********
epoch: 86     time: 68525
train_loss: 0.6977288341799448
pred_loss: 0.3278828356848207
prob_loss: 0.3411946071441783
posi_loss: 0.15948521241892216
link_loss: 0.23901217721056106
SHAPE: (1024, 1024)
********
epoch: 87     time: 69223
train_loss: 0.6750815808773041
pred_loss: 0.31535109773624775
prob_loss: 0.329283632857855
posi_loss: 0.1562566410663516
link_loss: 0.23392069218463676
SHAPE: (1024, 1024)
********
epoch: 88     time: 69921
train_loss: 0.6494162242079891
pred_loss: 0.30157502619333043
prob_loss: 0.3137460988621379
posi_loss: 0.15295593111320985
link_loss: 0.22898036674704664
SHAPE: (1024, 1024)
********
epoch: 89     time: 70617
train_loss: 0.6618839613226957
pred_loss: 0.309876422549403
prob_loss: 0.31995003133319144
posi_loss: 0.1538098879851574
link_loss: 0.23025516351295072
SHAPE: (1024, 1024)
********
epoch: 90     time: 71310
train_loss: 0.627829467141351
pred_loss: 0.2920900777328846
prob_loss: 0.299893178219019
posi_loss: 0.15004302847177484
link_loss: 0.22154256398248118
SHAPE: (1024, 1024)
********
epoch: 91     time: 72000
train_loss: 0.6490678683269856
pred_loss: 0.3042366743780846
prob_loss: 0.31169727791187374
posi_loss: 0.15211042216004328
link_loss: 0.2258546783827072
SHAPE: (1024, 1024)
********
epoch: 92     time: 72690
train_loss: 0.6270561634108077
pred_loss: 0.292847890146943
prob_loss: 0.2980424671672111
posi_loss: 0.1488391197351522
link_loss: 0.22153496066498202
SHAPE: (1024, 1024)
********
epoch: 93     time: 73380
train_loss: 0.623917781336363
pred_loss: 0.28972630098808644
prob_loss: 0.299059996771258
posi_loss: 0.14869996524134346
link_loss: 0.2206230028424152
SHAPE: (1024, 1024)
********
epoch: 94     time: 74068
train_loss: 0.6247973130192868
pred_loss: 0.29149469906507536
prob_loss: 0.2992610713077146
posi_loss: 0.14760939794224362
link_loss: 0.21973475813865662
SHAPE: (1024, 1024)
********
epoch: 95     time: 74753
train_loss: 0.6160147723763488
pred_loss: 0.2892168711784274
prob_loss: 0.2923102611026099
posi_loss: 0.14603360413118852
link_loss: 0.21525194149377735
SHAPE: (1024, 1024)
********
epoch: 96     time: 75440
train_loss: 0.6040834035984305
pred_loss: 0.2807091048290563
prob_loss: 0.2847615969042445
posi_loss: 0.1457585559854674
link_loss: 0.21622844967384672
SHAPE: (1024, 1024)
********
epoch: 97     time: 76127
train_loss: 0.5957634268805038
pred_loss: 0.2770948794692062
prob_loss: 0.2808425686387129
posi_loss: 0.1443557188261387
link_loss: 0.21213881844697996
SHAPE: (1024, 1024)
********
epoch: 98     time: 76816
train_loss: 0.5938485694486041
pred_loss: 0.2770127498133238
prob_loss: 0.2789167273183202
posi_loss: 0.14305816651430242
link_loss: 0.21169674413841824
SHAPE: (1024, 1024)
********
epoch: 99     time: 77513
train_loss: 0.5853203632110773
pred_loss: 0.2711352137632148
prob_loss: 0.2765531484470811
posi_loss: 0.141786600354799
link_loss: 0.21003053380652917
SHAPE: (1024, 1024)
********
epoch: 100     time: 78210
train_loss: 0.574889040270517
pred_loss: 0.2657772621443105
prob_loss: 0.2705288103153539
posi_loss: 0.14060647525759631
link_loss: 0.2070882673873458
SHAPE: (1024, 1024)
********
epoch: 101     time: 78901
train_loss: 0.5908735255862392
pred_loss: 0.2756349208743073
prob_loss: 0.2778007405441861
posi_loss: 0.14216660413631174
link_loss: 0.21050987236721572
SHAPE: (1024, 1024)
********
epoch: 102     time: 79592
train_loss: 0.576892904763998
pred_loss: 0.2686659603617912
prob_loss: 0.2682999836844067
posi_loss: 0.1407124459916769
link_loss: 0.20744146796506505
SHAPE: (1024, 1024)
********
epoch: 103     time: 80277
train_loss: 0.5936891623707705
pred_loss: 0.2769866838704708
prob_loss: 0.2784113828525987
posi_loss: 0.1435645329224509
link_loss: 0.21142904044583785
SHAPE: (1024, 1024)
********
epoch: 104     time: 80963
train_loss: 0.5504327478796937
pred_loss: 0.25557691240033437
prob_loss: 0.2546203642390495
posi_loss: 0.13648229092359543
link_loss: 0.19860902073424916
SHAPE: (1024, 1024)
********
epoch: 105     time: 81652
train_loss: 0.5551628948644151
pred_loss: 0.25671396595101026
prob_loss: 0.2587264266818069
posi_loss: 0.13737634647377703
link_loss: 0.20079508614401484
SHAPE: (1024, 1024)
********
epoch: 106     time: 82384
train_loss: 0.559059796638267
pred_loss: 0.25992013652657353
prob_loss: 0.25987767618755964
posi_loss: 0.13745097148903582
link_loss: 0.20095067055419433
SHAPE: (1024, 1024)
********
epoch: 107     time: 83407
train_loss: 0.5565645563047986
pred_loss: 0.2580599989308867
prob_loss: 0.2594503878160965
posi_loss: 0.13724465261018554
link_loss: 0.20031407414827235
SHAPE: (1024, 1024)
********
epoch: 108     time: 84235
train_loss: 0.5499653317207513
pred_loss: 0.2555607803339182
prob_loss: 0.25264749693316085
posi_loss: 0.13673701137304306
link_loss: 0.1994245946407318
SHAPE: (1024, 1024)
********
epoch: 109     time: 85059
train_loss: 0.5422347506811452
pred_loss: 0.251438187651856
prob_loss: 0.24988789509895237
posi_loss: 0.13501956807666046
link_loss: 0.1966856653087361
SHAPE: (1024, 1024)
********
epoch: 110     time: 86289
train_loss: 0.5523417086102241
pred_loss: 0.2565780628559201
prob_loss: 0.2568721469751624
posi_loss: 0.1365625413004742
link_loss: 0.1980926091241282
SHAPE: (1024, 1024)
********
epoch: 111     time: 87323
train_loss: 0.5396210897800534
pred_loss: 0.24959884583950043
prob_loss: 0.24788433694562248
posi_loss: 0.1355832823833754
link_loss: 0.19657686422037524
SHAPE: (1024, 1024)
********
epoch: 112     time: 88421
train_loss: 0.5314117988874746
pred_loss: 0.2469995219347089
prob_loss: 0.24168790253095848
posi_loss: 0.1340594268295654
link_loss: 0.19307721770086952
SHAPE: (1024, 1024)
********
epoch: 113     time: 89735
train_loss: 0.5346949211386747
pred_loss: 0.248019891769387
prob_loss: 0.24334289861279865
posi_loss: 0.13468917948735315
link_loss: 0.19531798865212951
SHAPE: (1024, 1024)
********
epoch: 114     time: 91090
train_loss: 0.514100717250691
pred_loss: 0.23789256811141968
prob_loss: 0.23210158597591313
posi_loss: 0.13146991923797963
link_loss: 0.18884479722311331
SHAPE: (1024, 1024)
********
epoch: 115     time: 92219
train_loss: 0.5077321771965471
pred_loss: 0.23411433017531105
prob_loss: 0.22937732623067014
posi_loss: 0.1307392765789531
link_loss: 0.18711909235909926
SHAPE: (1024, 1024)
********
epoch: 116     time: 92919
train_loss: 0.5174948205781538
pred_loss: 0.2408713026102199
prob_loss: 0.23362099396628003
posi_loss: 0.1308836712566919
link_loss: 0.18874237062626106
SHAPE: (1024, 1024)
********
epoch: 117     time: 93604
train_loss: 0.4974192782889965
pred_loss: 0.229697089209113
prob_loss: 0.22144224373407143
posi_loss: 0.12953621807486512
link_loss: 0.18446591591765715
SHAPE: (1024, 1024)
********
epoch: 118     time: 94293
train_loss: 0.5048244671766148
pred_loss: 0.23268293398757314
prob_loss: 0.227796318572621
posi_loss: 0.12994222862775937
link_loss: 0.1865445139796235
SHAPE: (1024, 1024)
********
epoch: 119     time: 94984
train_loss: 0.5076907062253286
pred_loss: 0.23457334485164907
prob_loss: 0.22812113893586536
posi_loss: 0.1311743128611598
link_loss: 0.18693926635869715
SHAPE: (1024, 1024)
********
epoch: 120     time: 95674
train_loss: 0.5124974139901095
pred_loss: 0.2371681869723076
prob_loss: 0.23184483134469322
posi_loss: 0.13097419130594232
link_loss: 0.18783942610025406
SHAPE: (1024, 1024)
********
epoch: 121     time: 96367
train_loss: 0.49461467737375303
pred_loss: 0.22710436859796213
prob_loss: 0.22146464503088661
posi_loss: 0.12906072280088135
link_loss: 0.18449524902673656
SHAPE: (1024, 1024)
********
epoch: 122     time: 97039
train_loss: 0.4971244168836017
pred_loss: 0.23017499786476756
prob_loss: 0.22314280722030375
posi_loss: 0.12779633596886036
link_loss: 0.1829596950217735
SHAPE: (1024, 1024)
********
epoch: 123     time: 97722
train_loss: 0.4910046544878982
pred_loss: 0.22807659278082293
prob_loss: 0.21767191831455673
posi_loss: 0.12729182570826175
link_loss: 0.18089236301738162
SHAPE: (1024, 1024)
********
epoch: 124     time: 98403
train_loss: 0.48130530881327255
pred_loss: 0.22204729117626368
prob_loss: 0.21270813775617023
posi_loss: 0.12667054847575898
link_loss: 0.179137347136126
SHAPE: (1024, 1024)
********
epoch: 125     time: 99084
train_loss: 0.4716077010298884
pred_loss: 0.21752168272816857
prob_loss: 0.20802106067191722
posi_loss: 0.12439424102736074
link_loss: 0.17575673646358556
SHAPE: (1024, 1024)
********
epoch: 126     time: 99863
train_loss: 0.5009958154933397
pred_loss: 0.23234586694905923
prob_loss: 0.22479588729004527
posi_loss: 0.12891549989581108
link_loss: 0.18358852012559426
SHAPE: (1024, 1024)
********
epoch: 127     time: 100949
train_loss: 0.47341889420221017
pred_loss: 0.22034057420353556
prob_loss: 0.2052144267877867
posi_loss: 0.125256443439528
link_loss: 0.17568577319210352
SHAPE: (1024, 1024)
********
epoch: 128     time: 102007
train_loss: 0.4919040002102076
pred_loss: 0.2280301520990771
prob_loss: 0.219483180794605
posi_loss: 0.1274881598561309
link_loss: 0.18077636094287383
SHAPE: (1024, 1024)
********
epoch: 129     time: 103359
train_loss: 0.46839491849721865
pred_loss: 0.21703818163206412
prob_loss: 0.2045125512536182
posi_loss: 0.12413662853975628
link_loss: 0.17406429454337718
SHAPE: (1024, 1024)
********
epoch: 130     time: 104532
train_loss: 0.4748133954613708
pred_loss: 0.22086723391399826
prob_loss: 0.20665509790875192
posi_loss: 0.12543635338891385
link_loss: 0.17580086330688277
SHAPE: (1024, 1024)
********
epoch: 131     time: 105671
train_loss: 0.464341624531635
pred_loss: 0.215166452319123
prob_loss: 0.20170828353526982
posi_loss: 0.12373270900097004
link_loss: 0.17290935500763183
SHAPE: (1024, 1024)
********
epoch: 132     time: 106565
train_loss: 0.4682817673960397
pred_loss: 0.21733899795731834
prob_loss: 0.20584643337615702
posi_loss: 0.12310399600239687
link_loss: 0.17293510326119357
SHAPE: (1024, 1024)
********
epoch: 133     time: 107341
train_loss: 0.4537249720373819
pred_loss: 0.2092296498459439
prob_loss: 0.19638721731513045
posi_loss: 0.12187577368215073
link_loss: 0.1707276598831942
SHAPE: (1024, 1024)
********
epoch: 134     time: 108114
train_loss: 0.4511831773574962
pred_loss: 0.20876072589741196
prob_loss: 0.19290402895489403
posi_loss: 0.1227021267594293
link_loss: 0.1692387481588264
SHAPE: (1024, 1024)
********
epoch: 135     time: 108898
train_loss: 0.4547951353150745
pred_loss: 0.21133627829163573
prob_loss: 0.1943519016684488
posi_loss: 0.12244956654518149
link_loss: 0.17011624193468758
SHAPE: (1024, 1024)
********
epoch: 136     time: 109683
train_loss: 0.45091926289159195
pred_loss: 0.2075214119151581
prob_loss: 0.19445857994778212
posi_loss: 0.12226991199476775
link_loss: 0.17006721902032232
SHAPE: (1024, 1024)
********
epoch: 137     time: 110463
train_loss: 0.44971887940584226
pred_loss: 0.20712607891060586
prob_loss: 0.19442271389240443
posi_loss: 0.12160386903168158
link_loss: 0.16915901997234933
SHAPE: (1024, 1024)
********
epoch: 138     time: 111159
train_loss: 0.4564255884913511
pred_loss: 0.21103076567483503
prob_loss: 0.1954867288816807
posi_loss: 0.1230364752023719
link_loss: 0.17226644137571023
SHAPE: (1024, 1024)
********
epoch: 139     time: 111826
train_loss: 0.4560194687787877
pred_loss: 0.21079517381135807
prob_loss: 0.19936239043640536
posi_loss: 0.12203442487259243
link_loss: 0.1690517733263415
SHAPE: (1024, 1024)
********
epoch: 140     time: 112490
train_loss: 0.4461594778437947
pred_loss: 0.2065009769312171
prob_loss: 0.1920819653328075
posi_loss: 0.1207568495166163
link_loss: 0.166478187842078
SHAPE: (1024, 1024)
********
epoch: 141     time: 113154
train_loss: 0.44108483888382133
pred_loss: 0.20485059397165165
prob_loss: 0.18668199555818424
posi_loss: 0.12020780674593393
link_loss: 0.16557868656723998
SHAPE: (1024, 1024)
********
epoch: 142     time: 113821
train_loss: 0.43777738823447115
pred_loss: 0.2029818410790244
prob_loss: 0.18621355381815932
posi_loss: 0.11959832213645757
link_loss: 0.16377922909897427
SHAPE: (1024, 1024)
********
epoch: 143     time: 114491
train_loss: 0.4411604092564694
pred_loss: 0.2032076806523079
prob_loss: 0.18917682177798692
posi_loss: 0.12064753446814626
link_loss: 0.1660810987963233
SHAPE: (1024, 1024)
********
epoch: 144     time: 115160
train_loss: 0.4284073821333952
pred_loss: 0.19711837103200514
prob_loss: 0.18296881574530935
posi_loss: 0.11789438847539037
link_loss: 0.16171481867515763
SHAPE: (1024, 1024)
********
epoch: 145     time: 115823
train_loss: 0.42667898674343907
pred_loss: 0.19677002086888912
prob_loss: 0.17968706994555717
posi_loss: 0.11817012380721957
link_loss: 0.16196074016218961
SHAPE: (1024, 1024)
********
epoch: 146     time: 116487
train_loss: 0.4236704294764718
pred_loss: 0.19600935782804046
prob_loss: 0.17764506159826768
posi_loss: 0.1177999667476776
link_loss: 0.15987711590389872
SHAPE: (1024, 1024)
********
epoch: 147     time: 117152
train_loss: 0.42085337673508844
pred_loss: 0.1937354917443076
prob_loss: 0.1774529260258342
posi_loss: 0.11722724971383117
link_loss: 0.15955560723709505
SHAPE: (1024, 1024)
********
epoch: 148     time: 117819
train_loss: 0.4167479546957238
pred_loss: 0.19267571561558303
prob_loss: 0.1741772113844406
posi_loss: 0.11617532545743986
link_loss: 0.15779193949907325
SHAPE: (1024, 1024)
********
epoch: 149     time: 118484
train_loss: 0.41512457402639613
pred_loss: 0.19252482472464097
prob_loss: 0.17226562042569005
posi_loss: 0.1158119827335657
link_loss: 0.15712189622396647
SHAPE: (1024, 1024)
********
epoch: 150     time: 119148
train_loss: 0.4126994460821152
pred_loss: 0.19042755732702654
prob_loss: 0.17255624262399452
posi_loss: 0.11557416817130045
link_loss: 0.15641337269267372
SHAPE: (1024, 1024)
********
epoch: 151     time: 119814
train_loss: 0.4378338982892591
pred_loss: 0.2025739675344423
prob_loss: 0.18606803687505943
posi_loss: 0.12020174569861833
link_loss: 0.16425007815624393
SHAPE: (1024, 1024)
********
epoch: 152     time: 120482
train_loss: 0.4098984917929006
pred_loss: 0.18872978538274765
prob_loss: 0.1706748861213063
posi_loss: 0.11511299126716547
link_loss: 0.15654952546884848
SHAPE: (1024, 1024)
********
epoch: 153     time: 121145
train_loss: 0.41132577837899675
pred_loss: 0.18930760303208993
prob_loss: 0.17213365990062093
posi_loss: 0.1157989650964737
link_loss: 0.15610372205806333
SHAPE: (1024, 1024)
********
epoch: 154     time: 122084
train_loss: 0.41280047248962315
pred_loss: 0.19083464856064597
prob_loss: 0.1719586364058561
posi_loss: 0.11640534645249677
link_loss: 0.15556765616286633
SHAPE: (1024, 1024)
********
epoch: 155     time: 123168
train_loss: 0.4076307852600896
pred_loss: 0.18839650895706442
prob_loss: 0.17032056856294012
posi_loss: 0.11415055792692096
link_loss: 0.15399742334388022
SHAPE: (1024, 1024)
********
epoch: 156     time: 124324
train_loss: 0.40217202000839763
pred_loss: 0.18594945915216624
prob_loss: 0.164772211638994
posi_loss: 0.11410587844113972
link_loss: 0.15356703475117683
SHAPE: (1024, 1024)
********
epoch: 157     time: 125449
train_loss: 0.4072333300529524
pred_loss: 0.18903746802446453
prob_loss: 0.16697880417801614
posi_loss: 0.11524316140039023
link_loss: 0.15416975960482
SHAPE: (1024, 1024)
********
epoch: 158     time: 126626
train_loss: 0.3985287498596103
pred_loss: 0.18371356555888818
prob_loss: 0.16398132783035899
posi_loss: 0.1136767570535804
link_loss: 0.1519722788659639
SHAPE: (1024, 1024)
********
epoch: 159     time: 127504
train_loss: 0.39669594064701436
pred_loss: 0.18368234745291775
prob_loss: 0.16170571519191876
posi_loss: 0.11362634166035541
link_loss: 0.15069513152851616
SHAPE: (1024, 1024)
********
epoch: 160     time: 128174
train_loss: 0.3885109535483427
pred_loss: 0.17967814934808155
prob_loss: 0.15825084648853124
posi_loss: 0.1111517803266991
link_loss: 0.14826298054567602
SHAPE: (1024, 1024)
********
epoch: 161     time: 128852
train_loss: 0.39923320676005164
pred_loss: 0.18522345811821694
prob_loss: 0.16373612229214157
posi_loss: 0.1131281747027885
link_loss: 0.15115520184816317
SHAPE: (1024, 1024)
********
epoch: 162     time: 129519
train_loss: 0.3957336551921312
pred_loss: 0.18325107128814208
prob_loss: 0.1602543776118478
posi_loss: 0.11334202525227569
link_loss: 0.15136876238813235
SHAPE: (1024, 1024)
********
epoch: 163     time: 130188
train_loss: 0.3826956929162491
pred_loss: 0.17662801056407218
prob_loss: 0.1555916332574778
posi_loss: 0.11038704467720764
link_loss: 0.14615668668303378
SHAPE: (1024, 1024)
********
epoch: 164     time: 130860
train_loss: 0.3933038299166879
pred_loss: 0.18213025497835736
prob_loss: 0.16063169216693834
posi_loss: 0.11263312529339346
link_loss: 0.14908232444594072
SHAPE: (1024, 1024)
********
epoch: 165     time: 131852
train_loss: 0.3967744957569034
pred_loss: 0.18322836919579394
prob_loss: 0.16368438598028448
posi_loss: 0.11376483487181885
link_loss: 0.1496430330498274
SHAPE: (1024, 1024)
********
epoch: 166     time: 133064
train_loss: 0.3951370826987333
pred_loss: 0.1826034254112909
prob_loss: 0.1609238561156184
posi_loss: 0.11339596364387246
link_loss: 0.1507474923896235
SHAPE: (1024, 1024)
********
epoch: 167     time: 134031
train_loss: 0.38189017911290013
pred_loss: 0.1764686521749164
prob_loss: 0.153713759814584
posi_loss: 0.11126760254765666
link_loss: 0.14586169082064962
SHAPE: (1024, 1024)
********
epoch: 168     time: 134833
train_loss: 0.37877503695876097
pred_loss: 0.17486020784045375
prob_loss: 0.1511372837216355
posi_loss: 0.11123141650716926
link_loss: 0.14546095865756967
SHAPE: (1024, 1024)
********
epoch: 169     time: 135641
train_loss: 0.3799058684082918
pred_loss: 0.17622197315443394
prob_loss: 0.1518077403306961
posi_loss: 0.11088182491271995
link_loss: 0.1446782220588174
SHAPE: (1024, 1024)
********
epoch: 170     time: 136440
train_loss: 0.384174499747365
pred_loss: 0.17705400998509208
prob_loss: 0.15556608954834383
posi_loss: 0.11141515913051228
link_loss: 0.14725973422444144
SHAPE: (1024, 1024)
********
epoch: 171     time: 137134
train_loss: 0.3760523581227591
pred_loss: 0.17391323921985405
prob_loss: 0.1487238173221433
posi_loss: 0.11066236927412278
link_loss: 0.1448920462713685
SHAPE: (1024, 1024)
********
epoch: 172     time: 137811
train_loss: 0.3617280000864073
pred_loss: 0.16728689538878064
prob_loss: 0.1421636904394904
posi_loss: 0.10775651176308476
link_loss: 0.13896200996498728
SHAPE: (1024, 1024)
********
epoch: 173     time: 138485
train_loss: 0.37350519902484364
pred_loss: 0.17375101027793663
prob_loss: 0.1471678124264229
posi_loss: 0.10983752476614575
link_loss: 0.1425030341501846
SHAPE: (1024, 1024)
********
epoch: 174     time: 139160
train_loss: 0.3722022567377534
pred_loss: 0.17309857593026273
prob_loss: 0.14762813649898351
posi_loss: 0.10880768143160399
link_loss: 0.14177154203833536
SHAPE: (1024, 1024)
********
epoch: 175     time: 139833
train_loss: 0.38200594658075376
pred_loss: 0.17694502358519754
prob_loss: 0.15237372732439705
posi_loss: 0.11186085372816684
link_loss: 0.14588726658460704
SHAPE: (1024, 1024)
********
epoch: 176     time: 140503
train_loss: 0.37510224067887593
pred_loss: 0.1745987766703894
prob_loss: 0.14979662209056144
posi_loss: 0.10876978994455448
link_loss: 0.1424405113902203
SHAPE: (1024, 1024)
update learning rate: 0.000040 -> 0.000008
********
epoch: 177     time: 141173
train_loss: 0.36972886670467464
pred_loss: 0.17129398293273393
prob_loss: 0.14656729424415632
posi_loss: 0.10804629022645396
link_loss: 0.14225618688519612
SHAPE: (1024, 1024)
update learning rate: 0.000008 -> 0.000002
********
epoch: 178     time: 141842
train_loss: 0.36258438472137894
pred_loss: 0.16873919686605765
prob_loss: 0.1408696505565976
posi_loss: 0.10779664500854737
link_loss: 0.139024080058863
SHAPE: (1024, 1024)
update learning rate: 0.000002 -> 0.000000
********
epoch: 179     time: 142512
train_loss: 0.3668291274198266
pred_loss: 0.17159499470577683
prob_loss: 0.14349983424641366
posi_loss: 0.10828790267886118
link_loss: 0.13868052547061166
SHAPE: (1024, 1024)
early stop at 179 epoch
Finish!
